<?xml version="1.0" encoding="UTF-8"?>
<!-- Generated by org.testng.reporters.JUnitXMLReporter -->
<testsuite hostname="ArchanaVeeru-PC" ignored="2" name="TestAmazon" tests="5" failures="0" timestamp="2020-05-30T14:11:27 PDT" time="0.147" errors="0">
  <testcase name="@BeforeMethod setup" time="0.006" classname="com.qa.amazon.TestPages.HomepageTest">
    <failure type="java.lang.NullPointerException">
      <![CDATA[java.lang.NullPointerException
at com.qa.amazon.TestBase.TestBase.intialize(TestBase.java:39)
at com.qa.amazon.TestPages.HomepageTest.setup(HomepageTest.java:24)
at java.util.ArrayList.forEach(Unknown Source)
... Removed 31 stack frames]]>
    </failure>
  </testcase> <!-- @BeforeMethod setup -->
  <testcase name="@AfterMethod tearDown" time="-1.590873087564E9" classname="com.qa.amazon.TestPages.HomepageTest">
    <skipped/>
  </testcase> <!-- @AfterMethod tearDown -->
  <testcase name="@BeforeMethod setup" time="-1.590873087571E9" classname="com.qa.amazon.TestPages.HomepageTest">
    <skipped/>
  </testcase> <!-- @BeforeMethod setup -->
  <testcase name="@AfterMethod tearDown" time="-1.59087308758E9" classname="com.qa.amazon.TestPages.HomepageTest">
    <skipped/>
  </testcase> <!-- @AfterMethod tearDown -->
  <testcase name="@BeforeMethod setup" time="0.0" classname="com.qa.amazon.TestPages.SearchTest">
    <failure type="java.lang.NullPointerException">
      <![CDATA[java.lang.NullPointerException
at com.qa.amazon.TestBase.TestBase.intialize(TestBase.java:39)
at com.qa.amazon.TestPages.SearchTest.setup(SearchTest.java:27)
at java.util.ArrayList.forEach(Unknown Source)
... Removed 31 stack frames]]>
    </failure>
  </testcase> <!-- @BeforeMethod setup -->
  <testcase name="@AfterMethod tearDown" time="-1.590873087598E9" classname="com.qa.amazon.TestPages.SearchTest">
    <skipped/>
  </testcase> <!-- @AfterMethod tearDown -->
  <testcase name="@BeforeMethod setUp" time="0.0" classname="com.qa.amazon.TestPages.LoginTest">
    <failure type="java.lang.NullPointerException">
      <![CDATA[java.lang.NullPointerException
at com.qa.amazon.TestBase.TestBase.intialize(TestBase.java:39)
at com.qa.amazon.TestPages.LoginTest.setUp(LoginTest.java:25)
at java.util.ArrayList.forEach(Unknown Source)
... Removed 31 stack frames]]>
    </failure>
  </testcase> <!-- @BeforeMethod setUp -->
  <testcase name="@AfterMethod tearDown" time="-1.590873087632E9" classname="com.qa.amazon.TestPages.LoginTest">
    <skipped/>
  </testcase> <!-- @AfterMethod tearDown -->
  <testcase name="@BeforeMethod setUp" time="-1.590873087635E9" classname="com.qa.amazon.TestPages.LoginTest">
    <skipped/>
  </testcase> <!-- @BeforeMethod setUp -->
  <testcase name="@AfterMethod tearDown" time="-1.590873087643E9" classname="com.qa.amazon.TestPages.LoginTest">
    <skipped/>
  </testcase> <!-- @AfterMethod tearDown -->
  <testcase name="getHomepageTitle" time="0.0" classname="com.qa.amazon.TestPages.HomepageTest">
    <skipped/>
  </testcase> <!-- getHomepageTitle -->
  <testcase name="verifyUserNameLogin" time="0.0" classname="com.qa.amazon.TestPages.HomepageTest">
    <skipped/>
  </testcase> <!-- verifyUserNameLogin -->
  <testcase name="searchBox" time="0.0" classname="com.qa.amazon.TestPages.SearchTest">
    <skipped/>
  </testcase> <!-- searchBox -->
  <testcase name="verifyLoginTitleTest" time="0.0" classname="com.qa.amazon.TestPages.LoginTest">
    <skipped/>
  </testcase> <!-- verifyLoginTitleTest -->
  <testcase name="loginToHome" time="0.0" classname="com.qa.amazon.TestPages.LoginTest">
    <skipped/>
  </testcase> <!-- loginToHome -->
  <testcase name="sortBy" time="0.0" classname="com.qa.amazon.TestPages.SearchTest">
    <ignored/>
  </testcase> <!-- sortBy -->
  <testcase name="getSearchTitle" time="0.0" classname="com.qa.amazon.TestPages.SearchTest">
    <ignored/>
  </testcase> <!-- getSearchTitle -->
</testsuite> <!-- TestAmazon -->
