<?xml version="1.0" encoding="UTF-8"?>
<testng-results skipped="0" failed="0" ignored="0" total="2" passed="2">
  <reporter-output>
  </reporter-output>
  <suite name="Default suite" duration-ms="85209" started-at="2020-06-02T14:20:34 PDT" finished-at="2020-06-02T14:21:59 PDT">
    <groups>
    </groups>
    <test name="Default test" duration-ms="85209" started-at="2020-06-02T14:20:34 PDT" finished-at="2020-06-02T14:21:59 PDT">
      <class name="com.qa.amazon.TestPages.LoginTest">
        <test-method status="PASS" signature="setUp()[pri:0, instance:com.qa.amazon.TestPages.LoginTest@2a556333]" name="setUp" is-config="true" duration-ms="49757" started-at="2020-06-02T14:20:34 PDT" finished-at="2020-06-02T14:21:24 PDT">
          <reporter-output>
          </reporter-output>
        </test-method> <!-- setUp -->
        <test-method status="PASS" signature="verifyLoginTitleTest()[pri:1, instance:com.qa.amazon.TestPages.LoginTest@2a556333]" name="verifyLoginTitleTest" duration-ms="627" started-at="2020-06-02T14:21:24 PDT" finished-at="2020-06-02T14:21:24 PDT">
          <reporter-output>
          </reporter-output>
        </test-method> <!-- verifyLoginTitleTest -->
        <test-method status="PASS" signature="tearDown()[pri:0, instance:com.qa.amazon.TestPages.LoginTest@2a556333]" name="tearDown" is-config="true" duration-ms="2495" started-at="2020-06-02T14:21:24 PDT" finished-at="2020-06-02T14:21:27 PDT">
          <reporter-output>
          </reporter-output>
        </test-method> <!-- tearDown -->
        <test-method status="PASS" signature="setUp()[pri:0, instance:com.qa.amazon.TestPages.LoginTest@2a556333]" name="setUp" is-config="true" duration-ms="20996" started-at="2020-06-02T14:21:27 PDT" finished-at="2020-06-02T14:21:48 PDT">
          <reporter-output>
          </reporter-output>
        </test-method> <!-- setUp -->
        <test-method status="PASS" signature="loginToHome()[pri:2, instance:com.qa.amazon.TestPages.LoginTest@2a556333]" name="loginToHome" duration-ms="9623" started-at="2020-06-02T14:21:48 PDT" finished-at="2020-06-02T14:21:57 PDT">
          <reporter-output>
          </reporter-output>
        </test-method> <!-- loginToHome -->
        <test-method status="PASS" signature="tearDown()[pri:0, instance:com.qa.amazon.TestPages.LoginTest@2a556333]" name="tearDown" is-config="true" duration-ms="1601" started-at="2020-06-02T14:21:57 PDT" finished-at="2020-06-02T14:21:59 PDT">
          <reporter-output>
          </reporter-output>
        </test-method> <!-- tearDown -->
      </class> <!-- com.qa.amazon.TestPages.LoginTest -->
    </test> <!-- Default test -->
  </suite> <!-- Default suite -->
</testng-results>
